  [1m[36mUser Load (62.1ms)[0m  [1mSELECT "users".* FROM "users"[0m
  [1m[35mUser Load (52.7ms)[0m  SELECT "users".* FROM "users" ORDER BY "users"."id" ASC LIMIT 1
  [1m[36m (148.4ms)[0m  [1mBEGIN[0m
  [1m[35mUser Exists (11.3ms)[0m  SELECT 1 AS one FROM "users" WHERE ("users"."email" = 'shaneenterprises@gmail.com' AND "users"."id" != 1) LIMIT 1
  [1m[36mUser Exists (0.3ms)[0m  [1mSELECT 1 AS one FROM "users" WHERE ("users"."username" = 'tymetakr' AND "users"."id" != 1) LIMIT 1[0m
  [1m[35mSQL (206.2ms)[0m  UPDATE "users" SET "email" = $1, "updated_at" = $2 WHERE "users"."id" = 1  [["email", "shaneenterprises@gmail.com"], ["updated_at", Tue, 16 Feb 2016 09:16:51 UTC +00:00]]
  [1m[36m (45.4ms)[0m  [1mCOMMIT[0m


Started GET "/pages/login" for 127.0.0.1 at 2016-02-16 01:44:53 -0800
  [1m[36mActiveRecord::SchemaMigration Load (0.4ms)[0m  [1mSELECT "schema_migrations".* FROM "schema_migrations"[0m
Processing by PagesController#login as HTML
  Rendered pages/login.html.erb within layouts/application (1.6ms)
  Rendered layouts/_skinconfig.html.erb (1.8ms)
  Rendered layouts/_navigation.html.erb (41.1ms)
Completed 500 Internal Server Error in 632ms


Started GET "/" for 127.0.0.1 at 2016-02-16 01:45:07 -0800
Processing by AppviewsController#clients as HTML
  Rendered appviews/clients.html.erb within layouts/application (156.9ms)
  Rendered layouts/_skinconfig.html.erb (0.1ms)
  Rendered layouts/_navigation.html.erb (12.1ms)
Completed 500 Internal Server Error in 377ms


Started GET "/" for 127.0.0.1 at 2016-02-16 01:50:22 -0800
Processing by AppviewsController#clients as HTML
  Rendered appviews/clients.html.erb within layouts/application (11.5ms)
  Rendered layouts/_skinconfig.html.erb (0.2ms)
  Rendered layouts/_navigation.html.erb (11.4ms)
Completed 500 Internal Server Error in 157ms


Started GET "/" for 127.0.0.1 at 2016-02-16 01:54:38 -0800
Processing by AppviewsController#clients as HTML
  Rendered appviews/clients.html.erb within layouts/application (32.1ms)
  Rendered layouts/_skinconfig.html.erb (0.2ms)
  Rendered layouts/_navigation.html.erb (69.2ms)
Completed 500 Internal Server Error in 259ms


Started GET "/" for 127.0.0.1 at 2016-02-16 01:56:51 -0800
Processing by AppviewsController#clients as HTML
  Rendered appviews/clients.html.erb within layouts/application (299.2ms)
  Rendered layouts/_skinconfig.html.erb (0.1ms)
  Rendered layouts/_navigation.html.erb (14.5ms)
Completed 500 Internal Server Error in 704ms


Started GET "/" for 127.0.0.1 at 2016-02-16 01:58:25 -0800
Processing by AppviewsController#clients as HTML
  Rendered appviews/clients.html.erb within layouts/application (76.9ms)
  Rendered layouts/_skinconfig.html.erb (0.4ms)
  Rendered layouts/_navigation.html.erb (45.2ms)
Completed 500 Internal Server Error in 260ms


Started GET "/" for 127.0.0.1 at 2016-02-16 02:01:09 -0800
Processing by AppviewsController#clients as HTML
  Rendered appviews/clients.html.erb within layouts/application (13.6ms)
  Rendered layouts/_skinconfig.html.erb (0.1ms)
  Rendered layouts/_navigation.html.erb (20.4ms)
Completed 500 Internal Server Error in 161ms
  [1m[35m (0.9ms)[0m  BEGIN
  [1m[36mUser Exists (37.0ms)[0m  [1mSELECT 1 AS one FROM "users" WHERE ("users"."email" = 'shaneenterprises@gmail.com' AND "users"."id" != 1) LIMIT 1[0m
  [1m[35mUser Exists (0.3ms)[0m  SELECT 1 AS one FROM "users" WHERE ("users"."username" = 'tymetakr' AND "users"."id" != 1) LIMIT 1
  [1m[36m (0.2ms)[0m  [1mCOMMIT[0m
  [1m[35mUser Load (0.8ms)[0m  SELECT "users".* FROM "users"
  [1m[36mUser Load (0.5ms)[0m  [1mSELECT "users".* FROM "users"[0m
  [1m[35m (0.1ms)[0m  BEGIN
  [1m[36mUser Exists (2.4ms)[0m  [1mSELECT 1 AS one FROM "users" WHERE ("users"."email" = 'shaneenterprises@gmail.com' AND "users"."id" != 1) LIMIT 1[0m
  [1m[35mUser Exists (0.4ms)[0m  SELECT 1 AS one FROM "users" WHERE ("users"."username" = 'tymetakr' AND "users"."id" != 1) LIMIT 1
  [1m[36m (0.1ms)[0m  [1mCOMMIT[0m
  [1m[35mUser Load (0.4ms)[0m  SELECT "users".* FROM "users"


Started POST "/pages/authenticate" for 127.0.0.1 at 2016-02-16 02:04:20 -0800


Started POST "/pages/authenticate" for 127.0.0.1 at 2016-02-16 02:06:22 -0800


Started GET "/" for 127.0.0.1 at 2016-02-16 02:06:31 -0800
Processing by AppviewsController#clients as HTML
  Rendered appviews/clients.html.erb within layouts/application (43.5ms)
  Rendered layouts/_skinconfig.html.erb (0.1ms)
  Rendered layouts/_navigation.html.erb (23.3ms)
Completed 500 Internal Server Error in 235ms


Started GET "/" for 127.0.0.1 at 2016-02-16 02:06:32 -0800
Processing by AppviewsController#clients as HTML
  Rendered appviews/clients.html.erb within layouts/application (2.8ms)
  Rendered layouts/_skinconfig.html.erb (0.1ms)
  Rendered layouts/_navigation.html.erb (13.5ms)
Completed 500 Internal Server Error in 35ms


Started GET "/" for 127.0.0.1 at 2016-02-16 02:07:16 -0800
Processing by AppviewsController#clients as HTML
  Rendered appviews/clients.html.erb within layouts/application (3.4ms)
  Rendered layouts/_skinconfig.html.erb (0.1ms)
  Rendered layouts/_navigation.html.erb (13.5ms)
Completed 500 Internal Server Error in 34ms


Started GET "/" for 127.0.0.1 at 2016-02-16 02:18:54 -0800
Processing by AppviewsController#clients as HTML
  Rendered appviews/clients.html.erb within layouts/application (13.3ms)
  Rendered layouts/_skinconfig.html.erb (1.3ms)
  Rendered layouts/_navigation.html.erb (22.4ms)
Completed 500 Internal Server Error in 206ms


Started GET "/" for 127.0.0.1 at 2016-02-16 02:27:20 -0800


Started GET "/" for 127.0.0.1 at 2016-02-16 02:30:40 -0800
Processing by AppviewsController#clients as HTML
  Rendered appviews/clients.html.erb within layouts/application (13.2ms)
  Rendered layouts/_skinconfig.html.erb (0.2ms)
  Rendered layouts/_navigation.html.erb (24.5ms)
Completed 500 Internal Server Error in 175ms


Started GET "/" for 127.0.0.1 at 2016-02-16 02:34:31 -0800
Processing by AppviewsController#clients as HTML
  Rendered appviews/clients.html.erb within layouts/application (56.8ms)
  Rendered layouts/_skinconfig.html.erb (0.1ms)
  Rendered layouts/_navigation.html.erb (13.4ms)
Completed 500 Internal Server Error in 376ms


Started GET "/" for 127.0.0.1 at 2016-02-16 02:35:00 -0800
Processing by AppviewsController#clients as HTML
  Rendered appviews/clients.html.erb within layouts/application (32.0ms)
  Rendered layouts/_skinconfig.html.erb (0.3ms)
  Rendered layouts/_navigation.html.erb (55.2ms)
Completed 500 Internal Server Error in 253ms


Started GET "/" for 127.0.0.1 at 2016-02-16 02:39:14 -0800
Processing by AppviewsController#clients as HTML
  Rendered appviews/clients.html.erb within layouts/application (299.1ms)
  Rendered layouts/_skinconfig.html.erb (0.4ms)
  Rendered layouts/_navigation.html.erb (153.8ms)
Completed 500 Internal Server Error in 1436ms


Started GET "/" for 127.0.0.1 at 2016-02-16 02:43:07 -0800
Processing by AppviewsController#clients as HTML
  Rendered appviews/clients.html.erb within layouts/application (12.2ms)
  Rendered layouts/_skinconfig.html.erb (0.2ms)
  Rendered layouts/_navigation.html.erb (29.2ms)
Completed 500 Internal Server Error in 192ms


Started GET "/" for 127.0.0.1 at 2016-02-16 02:43:18 -0800
Processing by AppviewsController#clients as HTML
  Rendered appviews/clients.html.erb within layouts/application (2.9ms)
  Rendered layouts/_skinconfig.html.erb (0.1ms)
  Rendered layouts/_navigation.html.erb (15.6ms)
Completed 500 Internal Server Error in 54ms


Started GET "/" for 127.0.0.1 at 2016-02-16 02:44:51 -0800
Processing by AppviewsController#clients as HTML
  Rendered appviews/clients.html.erb within layouts/application (11.7ms)
  Rendered layouts/_skinconfig.html.erb (0.1ms)
  Rendered layouts/_navigation.html.erb (13.7ms)
Completed 500 Internal Server Error in 174ms


Started GET "/" for 127.0.0.1 at 2016-02-16 02:48:00 -0800
Processing by AppviewsController#clients as HTML
  Rendered appviews/clients.html.erb within layouts/application (12.5ms)
  Rendered layouts/_skinconfig.html.erb (0.2ms)
  Rendered layouts/_navigation.html.erb (20.4ms)
Completed 500 Internal Server Error in 148ms


Started GET "/" for 127.0.0.1 at 2016-02-16 07:08:40 -0800
Processing by AppviewsController#clients as HTML
  Rendered appviews/clients.html.erb within layouts/application (83.1ms)
  Rendered layouts/_skinconfig.html.erb (0.2ms)
  Rendered layouts/_navigation.html.erb (33.8ms)
Completed 500 Internal Server Error in 617ms


Started GET "/" for 127.0.0.1 at 2016-02-16 07:09:19 -0800
Processing by AppviewsController#clients as HTML
  Rendered appviews/clients.html.erb within layouts/application (2.8ms)
  Rendered layouts/_skinconfig.html.erb (0.1ms)
  Rendered layouts/_navigation.html.erb (66.5ms)
Completed 500 Internal Server Error in 144ms


Started GET "/" for 127.0.0.1 at 2016-02-16 07:10:30 -0800
Processing by AppviewsController#clients as HTML
  Rendered appviews/clients.html.erb within layouts/application (32.9ms)
  Rendered layouts/_skinconfig.html.erb (0.1ms)
  Rendered layouts/_navigation.html.erb (40.3ms)
Completed 500 Internal Server Error in 202ms


Started GET "/login" for 127.0.0.1 at 2016-02-16 07:12:48 -0800


Started GET "/register" for 127.0.0.1 at 2016-02-16 07:13:10 -0800


Started GET "/register" for 127.0.0.1 at 2016-02-16 07:13:22 -0800


Started GET "/pages/login" for 127.0.0.1 at 2016-02-16 07:20:20 -0800
Processing by PagesController#login as HTML
  Rendered pages/login.html.erb within layouts/empty (0.1ms)
Completed 200 OK in 2003ms (Views: 1970.8ms | ActiveRecord: 0.0ms)


Started GET "/assets/pages.css?body=1" for 127.0.0.1 at 2016-02-16 07:20:33 -0800


Started GET "/assets/application.css?body=1" for 127.0.0.1 at 2016-02-16 07:20:33 -0800


Started GET "/assets/animate/animate.css?body=1" for 127.0.0.1 at 2016-02-16 07:20:33 -0800


Started GET "/assets/style.css?body=1" for 127.0.0.1 at 2016-02-16 07:20:33 -0800


Started GET "/assets/font-awesome.css?body=1" for 127.0.0.1 at 2016-02-16 07:20:34 -0800


Started GET "/assets/jquery/jquery-2.1.1.js?body=1" for 127.0.0.1 at 2016-02-16 07:20:34 -0800


Started GET "/assets/bootstrap/affix.js?body=1" for 127.0.0.1 at 2016-02-16 07:20:35 -0800


Started GET "/assets/bootstrap/button.js?body=1" for 127.0.0.1 at 2016-02-16 07:20:35 -0800


Started GET "/assets/bootstrap/alert.js?body=1" for 127.0.0.1 at 2016-02-16 07:20:35 -0800


Started GET "/assets/bootstrap/carousel.js?body=1" for 127.0.0.1 at 2016-02-16 07:20:35 -0800


Started GET "/assets/bootstrap/collapse.js?body=1" for 127.0.0.1 at 2016-02-16 07:20:36 -0800


Started GET "/assets/bootstrap/dropdown.js?body=1" for 127.0.0.1 at 2016-02-16 07:20:36 -0800


Started GET "/assets/bootstrap/tab.js?body=1" for 127.0.0.1 at 2016-02-16 07:20:36 -0800


Started GET "/assets/bootstrap/transition.js?body=1" for 127.0.0.1 at 2016-02-16 07:20:36 -0800


Started GET "/assets/bootstrap/scrollspy.js?body=1" for 127.0.0.1 at 2016-02-16 07:20:36 -0800


Started GET "/assets/bootstrap/tooltip.js?body=1" for 127.0.0.1 at 2016-02-16 07:20:36 -0800


Started GET "/assets/bootstrap/modal.js?body=1" for 127.0.0.1 at 2016-02-16 07:20:36 -0800


Started GET "/assets/bootstrap/popover.js?body=1" for 127.0.0.1 at 2016-02-16 07:20:36 -0800


Started GET "/assets/bootstrap-sprockets.js?body=1" for 127.0.0.1 at 2016-02-16 07:20:36 -0800


Started GET "/assets/metisMenu/jquery.metisMenu.js?body=1" for 127.0.0.1 at 2016-02-16 07:20:36 -0800


Started GET "/assets/pace/pace.min.js?body=1" for 127.0.0.1 at 2016-02-16 07:20:37 -0800


Started GET "/assets/peity/jquery.peity.min.js?body=1" for 127.0.0.1 at 2016-02-16 07:20:37 -0800


Started GET "/assets/slimscroll/jquery.slimscroll.min.js?body=1" for 127.0.0.1 at 2016-02-16 07:20:37 -0800


Started GET "/assets/inspinia.js?body=1" for 127.0.0.1 at 2016-02-16 07:20:37 -0800


Started GET "/assets/application.js?body=1" for 127.0.0.1 at 2016-02-16 07:20:37 -0800


Started GET "/assets/iCheck/icheck.min.js?body=1" for 127.0.0.1 at 2016-02-16 07:20:37 -0800


Started GET "/assets/pages.js?body=1" for 127.0.0.1 at 2016-02-16 07:20:37 -0800
